<?xml version="1.0" encoding="UTF-8"?>
<testsuite name="TruckAndCar.PassengersTest" tests="1" skipped="0" failures="0" errors="0" timestamp="2024-12-13T02:45:54" hostname="administrator-Standard-PC-i440FX-PIIX-1996" time="0.076">
  <properties/>
  <testcase name="testPassengers()" classname="TruckAndCar.PassengersTest" time="0.076"/>
  <system-out><![CDATA[]]></system-out>
  <system-err><![CDATA[]]></system-err>
</testsuite>
